=========================== short test summary info ============================
FAILED tests/test_array.py::TestRemoveDuplicate::test_remove_duplicates - Typ...
FAILED tests/test_array.py::TestSummaryRanges::test_summarize_ranges - Assert...
======================== 2 failed, 414 passed in 2.81s =========================
=========================== short test summary info ============================
FAILED tests/test_array.py::TestRemoveDuplicate::test_remove_duplicates - Typ...
FAILED tests/test_array.py::TestSummaryRanges::test_summarize_ranges - Assert...
======================== 2 failed, 414 passed in 2.74s =========================
=========================== short test summary info ============================
FAILED tests/test_array.py::TestRemoveDuplicate::test_remove_duplicates - Typ...
FAILED tests/test_array.py::TestSummaryRanges::test_summarize_ranges - Assert...
======================== 2 failed, 414 passed in 2.74s =========================
=========================== short test summary info ============================
FAILED tests/test_array.py::TestRemoveDuplicate::test_remove_duplicates - Typ...
FAILED tests/test_array.py::TestSummaryRanges::test_summarize_ranges - Assert...
======================== 2 failed, 414 passed in 2.74s =========================
=========================== short test summary info ============================
FAILED tests/test_array.py::TestRemoveDuplicate::test_remove_duplicates - Typ...
FAILED tests/test_array.py::TestSummaryRanges::test_summarize_ranges - Assert...
======================== 2 failed, 414 passed in 2.75s =========================
=========================== short test summary info ============================
FAILED tests/test_array.py::TestRemoveDuplicate::test_remove_duplicates - Typ...
FAILED tests/test_array.py::TestSummaryRanges::test_summarize_ranges - Assert...
======================== 2 failed, 414 passed in 2.78s =========================
=========================== short test summary info ============================
FAILED tests/test_array.py::TestRemoveDuplicate::test_remove_duplicates - Typ...
FAILED tests/test_array.py::TestSummaryRanges::test_summarize_ranges - Assert...
======================== 2 failed, 414 passed in 2.74s =========================
=========================== short test summary info ============================
FAILED tests/test_array.py::TestRemoveDuplicate::test_remove_duplicates - Typ...
FAILED tests/test_array.py::TestSummaryRanges::test_summarize_ranges - Assert...
======================== 2 failed, 414 passed in 2.75s =========================
=========================== short test summary info ============================
FAILED tests/test_array.py::TestRemoveDuplicate::test_remove_duplicates - Typ...
FAILED tests/test_array.py::TestSummaryRanges::test_summarize_ranges - Assert...
======================== 2 failed, 414 passed in 2.74s =========================
=========================== short test summary info ============================
FAILED tests/test_array.py::TestRemoveDuplicate::test_remove_duplicates - Typ...
FAILED tests/test_array.py::TestSummaryRanges::test_summarize_ranges - Assert...
======================== 2 failed, 414 passed in 2.75s =========================
